<?xml version="1.0" encoding="UTF-8"?>
<!-- Generated by org.testng.reporters.JUnitReportReporter -->
<testsuite hostname="DESKTOP-I6MRD32" failures="0" tests="2" name="ssquareit.seleniumframework.E2ETest2" time="132.961" errors="0" timestamp="2024-07-14T15:28:06 IST" skipped="0">
  <testcase classname="ssquareit.seleniumframework.E2ETest2" name="e2eTest" time="67.708"/>
  <testcase classname="ssquareit.seleniumframework.E2ETest2" name="e2eTest" time="65.253"/>
</testsuite> <!-- ssquareit.seleniumframework.E2ETest2 -->
