<?xml version="1.0" encoding="UTF-8"?>
<!-- Generated by org.testng.reporters.JUnitReportReporter -->
<testsuite hostname="DESKTOP-I6MRD32" failures="0" tests="1" name="Infy.SeleniumFramework.E2ETest" time="18.894" errors="0" timestamp="2024-07-03T16:47:49 IST" skipped="0">
  <testcase classname="Infy.SeleniumFramework.E2ETest" name="e2eTest" time="18.894"/>
</testsuite> <!-- Infy.SeleniumFramework.E2ETest -->
